[    0.000000] Initializing cgroup subsys cpuset
[    0.000000] Initializing cgroup subsys cpu
[    0.000000] Initializing cgroup subsys cpuacct
[    0.000000] Linux version 4.4.0-92-generic (buildd@lcy01-17) (gcc version 5.4.0 20160609 (Ubuntu 5.4.0-6ubuntu1~16.04.4) ) #115-Ubuntu SMP Thu Aug 10 09:04:33 UTC 2017 (Ubuntu 4.4.0-92.115-generic 4.4.76)
[    0.000000] Command line: BOOT_IMAGE=/boot/vmlinuz-4.4.0-92-generic root=LABEL=cloudimg-rootfs ro console=tty1 console=ttyS0
[    0.000000] KERNEL supported cpus:
[    0.000000]   Intel GenuineIntel
[    0.000000]   AMD AuthenticAMD
[    0.000000]   Centaur CentaurHauls
[    0.000000] x86/fpu: xstate_offset[2]:  576, xstate_sizes[2]:  256
[    0.000000] x86/fpu: Supporting XSAVE feature 0x01: 'x87 floating point registers'
[    0.000000] x86/fpu: Supporting XSAVE feature 0x02: 'SSE registers'
[    0.000000] x86/fpu: Supporting XSAVE feature 0x04: 'AVX registers'
[    0.000000] x86/fpu: Enabled xstate features 0x7, context size is 832 bytes, using 'standard' format.
[    0.000000] x86/fpu: Using 'lazy' FPU context switches.
[    0.000000] e820: BIOS-provided physical RAM map:
[    0.000000] BIOS-e820: [mem 0x0000000000000000-0x000000000009fbff] usable
[    0.000000] BIOS-e820: [mem 0x000000000009fc00-0x000000000009ffff] reserved
[    0.000000] BIOS-e820: [mem 0x00000000000f0000-0x00000000000fffff] reserved
[    0.000000] BIOS-e820: [mem 0x0000000000100000-0x00000000dffeffff] usable
[    0.000000] BIOS-e820: [mem 0x00000000dfff0000-0x00000000dfffffff] ACPI data
[    0.000000] BIOS-e820: [mem 0x00000000fec00000-0x00000000fec00fff] reserved
[    0.000000] BIOS-e820: [mem 0x00000000fee00000-0x00000000fee00fff] reserved
[    0.000000] BIOS-e820: [mem 0x00000000fffc0000-0x00000000ffffffff] reserved
[    0.000000] BIOS-e820: [mem 0x0000000100000000-0x00000001203fffff] usable
[    0.000000] NX (Execute Disable) protection: active
[    0.000000] SMBIOS 2.5 present.
[    0.000000] Hypervisor detected: KVM
[    0.000000] e820: last_pfn = 0x120400 max_arch_pfn = 0x400000000
[    0.000000] MTRR: Disabled
[    0.000000] x86/PAT: MTRRs disabled, skipping PAT initialization too.
[    0.000000] x86/PAT: Configuration [0-7]: WB  WT  UC- UC  WB  WT  UC- UC  
[    0.000000] CPU MTRRs all blank - virtualized system.
[    0.000000] e820: last_pfn = 0xdfff0 max_arch_pfn = 0x400000000
[    0.000000] found SMP MP-table at [mem 0x0009fff0-0x0009ffff] mapped at [ffff88000009fff0]
[    0.000000] Scanning 1 areas for low memory corruption
[    0.000000] RAMDISK: [mem 0x36aca000-0x3755cfff]
[    0.000000] ACPI: Early table checksum verification disabled
[    0.000000] ACPI: RSDP 0x00000000000E0000 000024 (v02 VBOX  )
[    0.000000] ACPI: XSDT 0x00000000DFFF0030 00003C (v01 VBOX   VBOXXSDT 00000001 ASL  00000061)
[    0.000000] ACPI: FACP 0x00000000DFFF00F0 0000F4 (v04 VBOX   VBOXFACP 00000001 ASL  00000061)
[    0.000000] ACPI: DSDT 0x00000000DFFF0470 0021C8 (v02 VBOX   VBOXBIOS 00000002 INTL 20100528)
[    0.000000] ACPI: FACS 0x00000000DFFF0200 000040
[    0.000000] ACPI: FACS 0x00000000DFFF0200 000040
[    0.000000] ACPI: APIC 0x00000000DFFF0240 00005C (v02 VBOX   VBOXAPIC 00000001 ASL  00000061)
[    0.000000] ACPI: SSDT 0x00000000DFFF02A0 0001CC (v01 VBOX   VBOXCPUT 00000002 INTL 20100528)
[    0.000000] No NUMA configuration found
[    0.000000] Faking a node at [mem 0x0000000000000000-0x00000001203fffff]
[    0.000000] NODE_DATA(0) allocated [mem 0x1203f7000-0x1203fbfff]
[    0.000000] kvm-clock: Using msrs 4b564d01 and 4b564d00
[    0.000000] kvm-clock: cpu 0, msr 1:203ef001, primary cpu clock
[    0.000000] kvm-clock: using sched offset of 3517070868 cycles
[    0.000000] clocksource: kvm-clock: mask: 0xffffffffffffffff max_cycles: 0x1cd42e4dffb, max_idle_ns: 881590591483 ns
[    0.000000] Section 35 and 36 (node 0) have a circular dependency on usemap and pgdat allocations
[    0.000000] Zone ranges:
[    0.000000]   DMA      [mem 0x0000000000001000-0x0000000000ffffff]
[    0.000000]   DMA32    [mem 0x0000000001000000-0x00000000ffffffff]
[    0.000000]   Normal   [mem 0x0000000100000000-0x00000001203fffff]
[    0.000000]   Device   empty
[    0.000000] Movable zone start for each node
[    0.000000] Early memory node ranges
[    0.000000]   node   0: [mem 0x0000000000001000-0x000000000009efff]
[    0.000000]   node   0: [mem 0x0000000000100000-0x00000000dffeffff]
[    0.000000]   node   0: [mem 0x0000000100000000-0x00000001203fffff]
[    0.000000] Initmem setup node 0 [mem 0x0000000000001000-0x00000001203fffff]
[    0.000000] ACPI: PM-Timer IO Port: 0x4008
[    0.000000] IOAPIC[0]: apic_id 2, version 32, address 0xfec00000, GSI 0-23
[    0.000000] ACPI: INT_SRC_OVR (bus 0 bus_irq 0 global_irq 2 dfl dfl)
[    0.000000] ACPI: INT_SRC_OVR (bus 0 bus_irq 9 global_irq 9 high level)
[    0.000000] Using ACPI (MADT) for SMP configuration information
[    0.000000] smpboot: Allowing 2 CPUs, 0 hotplug CPUs
[    0.000000] PM: Registered nosave memory: [mem 0x00000000-0x00000fff]
[    0.000000] PM: Registered nosave memory: [mem 0x0009f000-0x0009ffff]
[    0.000000] PM: Registered nosave memory: [mem 0x000a0000-0x000effff]
[    0.000000] PM: Registered nosave memory: [mem 0x000f0000-0x000fffff]
[    0.000000] PM: Registered nosave memory: [mem 0xdfff0000-0xdfffffff]
[    0.000000] PM: Registered nosave memory: [mem 0xe0000000-0xfebfffff]
[    0.000000] PM: Registered nosave memory: [mem 0xfec00000-0xfec00fff]
[    0.000000] PM: Registered nosave memory: [mem 0xfec01000-0xfedfffff]
[    0.000000] PM: Registered nosave memory: [mem 0xfee00000-0xfee00fff]
[    0.000000] PM: Registered nosave memory: [mem 0xfee01000-0xfffbffff]
[    0.000000] PM: Registered nosave memory: [mem 0xfffc0000-0xffffffff]
[    0.000000] e820: [mem 0xe0000000-0xfebfffff] available for PCI devices
[    0.000000] Booting paravirtualized kernel on KVM
[    0.000000] clocksource: refined-jiffies: mask: 0xffffffff max_cycles: 0xffffffff, max_idle_ns: 7645519600211568 ns
[    0.000000] setup_percpu: NR_CPUS:512 nr_cpumask_bits:512 nr_cpu_ids:2 nr_node_ids:1
[    0.000000] PERCPU: Embedded 33 pages/cpu @ffff880120000000 s98264 r8192 d28712 u1048576
[    0.000000] PV qspinlock hash table entries: 256 (order: 0, 4096 bytes)
[    0.000000] Built 1 zonelists in Node order, mobility grouping on.  Total pages: 1033065
[    0.000000] Policy zone: Normal
[    0.000000] Kernel command line: BOOT_IMAGE=/boot/vmlinuz-4.4.0-92-generic root=LABEL=cloudimg-rootfs ro console=tty1 console=ttyS0
[    0.000000] PID hash table entries: 4096 (order: 3, 32768 bytes)
[    0.000000] Memory: 4034308K/4197944K available (8474K kernel code, 1294K rwdata, 3984K rodata, 1488K init, 1316K bss, 163636K reserved, 0K cma-reserved)
[    0.000000] SLUB: HWalign=64, Order=0-3, MinObjects=0, CPUs=2, Nodes=1
[    0.000000] Hierarchical RCU implementation.
[    0.000000] 	Build-time adjustment of leaf fanout to 64.
[    0.000000] 	RCU restricting CPUs from NR_CPUS=512 to nr_cpu_ids=2.
[    0.000000] RCU: Adjusting geometry for rcu_fanout_leaf=64, nr_cpu_ids=2
[    0.000000] NR_IRQS:33024 nr_irqs:440 16
[    0.000000] Console: colour VGA+ 80x25
[    0.000000] console [tty1] enabled
[    0.000000] console [ttyS0] enabled
[    0.000000] tsc: Detected 2699.998 MHz processor
[    0.853477] Calibrating delay loop (skipped) preset value.. 5399.99 BogoMIPS (lpj=10799992)
[    0.856018] pid_max: default: 32768 minimum: 301
[    0.857105] ACPI: Core revision 20150930
[    0.859081] ACPI: 2 ACPI AML tables successfully acquired and loaded
[    0.863218] Security Framework initialized
[    0.866237] Yama: becoming mindful.
[    0.871450] AppArmor: AppArmor initialized
[    0.880457] Dentry cache hash table entries: 524288 (order: 10, 4194304 bytes)
[    0.888323] Inode-cache hash table entries: 262144 (order: 9, 2097152 bytes)
[    0.898047] Mount-cache hash table entries: 8192 (order: 4, 65536 bytes)
[    0.905250] Mountpoint-cache hash table entries: 8192 (order: 4, 65536 bytes)
[    0.911492] Initializing cgroup subsys io
[    0.913732] Initializing cgroup subsys memory
[    0.914769] Initializing cgroup subsys devices
[    0.921889] Initializing cgroup subsys freezer
[    0.922911] Initializing cgroup subsys net_cls
[    0.923924] Initializing cgroup subsys perf_event
[    0.924987] Initializing cgroup subsys net_prio
[    0.931012] Initializing cgroup subsys hugetlb
[    0.932654] Initializing cgroup subsys pids
[    0.937054] CPU: Physical Processor ID: 0
[    0.952245] CPU: Processor Core ID: 0
[    0.955056] mce: CPU supports 0 MCE banks
[    0.957647] Last level iTLB entries: 4KB 64, 2MB 8, 4MB 8
[    0.962612] Last level dTLB entries: 4KB 64, 2MB 0, 4MB 0, 1GB 4
[    0.974606] Freeing SMP alternatives memory: 32K (ffffffff820b9000 - ffffffff820c1000)
[    0.995045] ftrace: allocating 32131 entries in 126 pages
[    1.058726] smpboot: APIC(0) Converting physical 0 to logical package 0
[    1.070214] smpboot: Max logical packages: 1
[    1.082866] x2apic enabled
[    1.101314] Switched APIC routing to physical x2apic.
[    1.120406] ..TIMER: vector=0x30 apic1=0 pin1=2 apic2=-1 pin2=-1
[    1.240790] smpboot: CPU0: Intel(R) Core(TM) i5-5257U CPU @ 2.70GHz (family: 0x6, model: 0x3d, stepping: 0x4)
[    1.274049] Performance Events: unsupported p6 CPU model 61 no PMU driver, software events only.
[    1.276140] KVM setup paravirtual spinlock
[    1.280151] x86: Booting SMP configuration:
[    1.286163] .... node  #0, CPUs:      #1
[    1.288518] kvm-clock: cpu 1, msr 1:203ef041, secondary cpu clock
[    1.344339] mce: CPU supports 0 MCE banks
[    1.360351] x86: Booted up 1 node, 2 CPUs
[    1.374912] smpboot: Total of 2 processors activated (10799.99 BogoMIPS)
[    1.389158] devtmpfs: initialized
[    1.402033] evm: security.selinux
[    1.412810] evm: security.SMACK64
[    1.416798] evm: security.SMACK64EXEC
[    1.421136] evm: security.SMACK64TRANSMUTE
[    1.442060] evm: security.SMACK64MMAP
[    1.446696] evm: security.ima
[    1.451188] evm: security.capability
[    1.456871] clocksource: jiffies: mask: 0xffffffff max_cycles: 0xffffffff, max_idle_ns: 7645041785100000 ns
[    1.474611] futex hash table entries: 512 (order: 3, 32768 bytes)
[    1.493631] pinctrl core: initialized pinctrl subsystem
[    1.510562] RTC time:  9:02:03, date: 08/21/17
[    1.544408] NET: Registered protocol family 16
[    1.557245] cpuidle: using governor ladder
[    1.581119] cpuidle: using governor menu
[    1.589496] PCCT header not found.
[    1.590756] ACPI: bus type PCI registered
[    1.591692] acpiphp: ACPI Hot Plug PCI Controller Driver version: 0.5
[    1.595446] PCI: Using configuration type 1 for base access
[    1.622706] ACPI: Added _OSI(Module Device)
[    1.654245] ACPI: Added _OSI(Processor Device)
[    1.674884] ACPI: Added _OSI(3.0 _SCP Extensions)
[    1.687776] ACPI: Added _OSI(Processor Aggregator Device)
[    1.709375] ACPI: Executed 1 blocks of module-level executable AML code
[    1.746155] ACPI: Interpreter enabled
[    1.751580] ACPI: (supports S0 S5)
[    1.754175] ACPI: Using IOAPIC for interrupt routing
[    1.761087] PCI: Using host bridge windows from ACPI; if necessary, use "pci=nocrs" and report a bug
[    1.775435] ACPI: PCI Root Bridge [PCI0] (domain 0000 [bus 00-ff])
[    1.783178] acpi PNP0A03:00: _OSC: OS supports [ASPM ClockPM Segments MSI]
[    1.832337] acpi PNP0A03:00: _OSC failed (AE_NOT_FOUND); disabling ASPM
[    1.847388] acpi PNP0A03:00: fail to add MMCONFIG information, can't access extended PCI configuration space under this bridge.
[    1.888219] PCI host bridge to bus 0000:00
[    1.901414] pci_bus 0000:00: root bus resource [io  0x0000-0x0cf7 window]
[    1.945612] pci_bus 0000:00: root bus resource [io  0x0d00-0xffff window]
[    1.958952] pci_bus 0000:00: root bus resource [mem 0x000a0000-0x000bffff window]
[    1.966210] pci_bus 0000:00: root bus resource [mem 0xe0000000-0xffdfffff window]
[    1.984018] pci_bus 0000:00: root bus resource [bus 00-ff]
[    1.988507] pci 0000:00:01.1: legacy IDE quirk: reg 0x10: [io  0x01f0-0x01f7]
[    2.019549] pci 0000:00:01.1: legacy IDE quirk: reg 0x14: [io  0x03f6]
[    2.046030] pci 0000:00:01.1: legacy IDE quirk: reg 0x18: [io  0x0170-0x0177]
[    2.050929] pci 0000:00:01.1: legacy IDE quirk: reg 0x1c: [io  0x0376]
[    2.103819] pci 0000:00:07.0: quirk: [io  0x4000-0x403f] claimed by PIIX4 ACPI
[    2.138351] pci 0000:00:07.0: quirk: [io  0x4100-0x410f] claimed by PIIX4 SMB
[    2.158851] ACPI: PCI Interrupt Link [LNKA] (IRQs 5 9 10 *11)
[    2.170286] ACPI: PCI Interrupt Link [LNKB] (IRQs 5 9 10 *11)
[    2.190270] ACPI: PCI Interrupt Link [LNKC] (IRQs 5 9 *10 11)
[    2.209373] ACPI: PCI Interrupt Link [LNKD] (IRQs 5 *9 10 11)
[    2.211103] ACPI: Enabled 2 GPEs in block 00 to 07
[    2.233702] vgaarb: setting as boot device: PCI:0000:00:02.0
[    2.263784] vgaarb: device added: PCI:0000:00:02.0,decodes=io+mem,owns=io+mem,locks=none
[    2.283289] vgaarb: loaded
[    2.289751] vgaarb: bridge control possible 0000:00:02.0
[    2.291151] SCSI subsystem initialized
[    2.293649] ACPI: bus type USB registered
[    2.300209] usbcore: registered new interface driver usbfs
[    2.302203] usbcore: registered new interface driver hub
[    2.317155] usbcore: registered new device driver usb
[    2.348839] PCI: Using ACPI for IRQ routing
[    2.351716] NetLabel: Initializing
[    2.354147] NetLabel:  domain hash size = 128
[    2.358763] NetLabel:  protocols = UNLABELED CIPSOv4
[    2.361682] NetLabel:  unlabeled traffic allowed by default
[    2.363187] amd_nb: Cannot enumerate AMD northbridges
[    2.365643] clocksource: Switched to clocksource kvm-clock
[    2.381040] AppArmor: AppArmor Filesystem Enabled
[    2.386157] pnp: PnP ACPI init
[    2.409058] pnp: PnP ACPI: found 3 devices
[    2.435964] clocksource: acpi_pm: mask: 0xffffff max_cycles: 0xffffff, max_idle_ns: 2085701024 ns
[    2.453758] NET: Registered protocol family 2
[    2.455296] TCP established hash table entries: 32768 (order: 6, 262144 bytes)
[    2.456799] TCP bind hash table entries: 32768 (order: 7, 524288 bytes)
[    2.459404] TCP: Hash tables configured (established 32768 bind 32768)
[    2.479862] UDP hash table entries: 2048 (order: 4, 65536 bytes)
[    2.481325] UDP-Lite hash table entries: 2048 (order: 4, 65536 bytes)
[    2.483568] NET: Registered protocol family 1
[    2.493901] pci 0000:00:00.0: Limiting direct PCI/PCI transfers
[    2.495833] pci 0000:00:01.0: Activating ISA DMA hang workarounds
[    2.499153] Unpacking initramfs...
[    4.486915] Freeing initrd memory: 10828K (ffff880036aca000 - ffff88003755d000)
[    4.494374] PCI-DMA: Using software bounce buffering for IO (SWIOTLB)
[    4.495868] software IO TLB [mem 0xdbff0000-0xdfff0000] (64MB) mapped at [ffff8800dbff0000-ffff8800dffeffff]
[    4.559029] RAPL PMU detected, API unit is 2^-32 Joules, 4 fixed counters 10737418240 ms ovfl timer
[    4.585610] hw unit of domain pp0-core 2^-0 Joules
[    4.586715] hw unit of domain package 2^-0 Joules
[    4.590577] hw unit of domain dram 2^-0 Joules
[    4.591732] hw unit of domain pp1-gpu 2^-0 Joules
[    4.594822] platform rtc_cmos: registered platform RTC device (no PNP device found)
[    4.605311] Scanning for low memory corruption every 60 seconds
[    4.607254] audit: initializing netlink subsys (disabled)
[    4.623491] audit: type=2000 audit(1503306130.389:1): initialized
[    4.625119] Initialise system trusted keyring
[    4.626378] HugeTLB registered 2 MB page size, pre-allocated 0 pages
[    4.642716] zbud: loaded
[    4.649276] VFS: Disk quotas dquot_6.6.0
[    4.664003] VFS: Dquot-cache hash table entries: 512 (order 0, 4096 bytes)
[    4.708055] squashfs: version 4.0 (2009/01/31) Phillip Lougher
[    4.734245] fuse init (API version 7.23)
[    4.742502] Key type big_key registered
[    4.747356] Allocating IMA MOK and blacklist keyrings.
[    4.771011] Key type asymmetric registered
[    4.782695] Asymmetric key parser 'x509' registered
[    4.787329] Block layer SCSI generic (bsg) driver version 0.4 loaded (major 249)
[    4.806863] io scheduler noop registered
[    4.811950] io scheduler deadline registered (default)
[    4.821904] io scheduler cfq registered
[    4.833990] pci_hotplug: PCI Hot Plug PCI Core version: 0.5
[    4.841759] pciehp: PCI Express Hot Plug Controller Driver version: 0.4
[    4.855849] ACPI: AC Adapter [AC] (on-line)
[    4.876298] input: Power Button as /devices/LNXSYSTM:00/LNXPWRBN:00/input/input0
[    4.882570] ACPI: Power Button [PWRF]
[    4.912345] input: Sleep Button as /devices/LNXSYSTM:00/LNXSLPBN:00/input/input1
[    4.931335] ACPI: Sleep Button [SLPF]
[    4.952774] GHES: HEST is not enabled!
[    4.953801] ACPI: Battery Slot [BAT0] (battery present)
[    4.960428] Serial: 8250/16550 driver, 32 ports, IRQ sharing enabled
[    4.992860] 00:02: ttyS0 at I/O 0x3f8 (irq = 4, base_baud = 115200) is a 16550A
[    5.093609] Linux agpgart interface v0.103
[    5.103505] loop: module loaded
[    5.116264] scsi host0: ata_piix
[    5.117273] scsi host1: ata_piix
[    5.141151] ata1: PATA max UDMA/33 cmd 0x1f0 ctl 0x3f6 bmdma 0xd000 irq 14
[    5.153928] ata2: PATA max UDMA/33 cmd 0x170 ctl 0x376 bmdma 0xd008 irq 15
[    5.155609] libphy: Fixed MDIO Bus: probed
[    5.172240] tun: Universal TUN/TAP device driver, 1.6
[    5.184249] tun: (C) 1999-2004 Max Krasnyansky <maxk@qualcomm.com>
[    5.205335] PPP generic driver version 2.4.2
[    5.206801] ehci_hcd: USB 2.0 'Enhanced' Host Controller (EHCI) Driver
[    5.216995] ehci-pci: EHCI PCI platform driver
[    5.218166] ehci-platform: EHCI generic platform driver
[    5.222593] ohci_hcd: USB 1.1 'Open' Host Controller (OHCI) Driver
[    5.224939] ohci-pci: OHCI PCI platform driver
[    5.226311] ohci-platform: OHCI generic platform driver
[    5.227703] uhci_hcd: USB Universal Host Controller Interface driver
[    5.229155] i8042: PNP: PS/2 Controller [PNP0303:PS2K,PNP0f03:PS2M] at 0x60,0x64 irq 1,12
[    5.270695] serio: i8042 KBD port at 0x60,0x64 irq 1
[    5.283659] serio: i8042 AUX port at 0x60,0x64 irq 12
[    5.315737] mousedev: PS/2 mouse device common for all mice
[    5.354466] input: AT Translated Set 2 keyboard as /devices/platform/i8042/serio0/input/input2
[    5.364996] rtc_cmos rtc_cmos: rtc core: registered rtc_cmos as rtc0
[    5.373583] rtc_cmos rtc_cmos: alarms up to one day, 114 bytes nvram
[    5.397535] i2c /dev entries driver
[    5.398706] device-mapper: uevent: version 1.0.3
[    5.399915] device-mapper: ioctl: 4.34.0-ioctl (2015-10-28) initialised: dm-devel@redhat.com
[    5.403673] ledtrig-cpu: registered to indicate activity on CPUs
[    5.413262] NET: Registered protocol family 10
[    5.416489] NET: Registered protocol family 17
[    5.428164] Key type dns_resolver registered
[    5.451228] microcode: CPU0 sig=0x306d4, pf=0x40, revision=0x0
[    5.478357] microcode: CPU1 sig=0x306d4, pf=0x40, revision=0x0
[    5.505940] microcode: Microcode Update Driver: v2.01 <tigran@aivazian.fsnet.co.uk>, Peter Oruba
[    5.550458] registered taskstats version 1
[    5.584377] Loading compiled-in X.509 certificates
[    5.588959] Loaded X.509 cert 'Build time autogenerated kernel key: 01a2b0d0dba8d37a863918580fc16590a7d146c8'
[    5.608985] tsc: Refined TSC clocksource calibration: 2701.652 MHz
[    5.610415] clocksource: tsc: mask: 0xffffffffffffffff max_cycles: 0x26f156fd374, max_idle_ns: 440795236614 ns
[    5.610510] zswap: loaded using pool lzo/zbud
[    5.621412] Key type trusted registered
[    5.629150] Key type encrypted registered
[    5.692106] AppArmor: AppArmor sha1 policy hashing enabled
[    5.750786] ima: No TPM chip found, activating TPM-bypass!
[    5.797362] evm: HMAC attrs: 0x1
[    5.827048]   Magic number: 13:504:20
[    5.905296] rtc_cmos rtc_cmos: setting system clock to 2017-08-21 09:02:07 UTC (1503306127)
[    5.908688] BIOS EDD facility v0.16 2004-Jun-25, 0 devices found
[    5.952215] EDD information not available.
[    5.978509] Freeing unused kernel memory: 1488K (ffffffff81f45000 - ffffffff820b9000)
[    6.111616] Write protecting the kernel read-only data: 14336k
[    6.116898] Freeing unused kernel memory: 1752K (ffff88000184a000 - ffff880001a00000)
[    6.167575] Freeing unused kernel memory: 112K (ffff880001de4000 - ffff880001e00000)
Loading, please wait...
[    6.208031] random: systemd-udevd: uninitialized urandom read (16 bytes read, 3 bits of entropy available)
starting version[    6.210958] random: udevadm: uninitialized urandom read (16 bytes read, 3 bits of entropy available)
 229
[    6.211016] random: udevadm: uninitialized urandom read (16 bytes read, 3 bits of entropy available)
[    6.211178] random: udevadm: uninitialized urandom read (16 bytes read, 3 bits of entropy available)
[    6.211245] random: udevadm: uninitialized urandom read (16 bytes read, 3 bits of entropy available)
[    6.211301] random: udevadm: uninitialized urandom read (16 bytes read, 3 bits of entropy available)
[    6.211352] random: udevadm: uninitialized urandom read (16 bytes read, 3 bits of entropy available)
[    6.211400] random: udevadm: uninitialized urandom read (16 bytes read, 3 bits of entropy available)
[    6.211451] random: udevadm: uninitialized urandom read (16 bytes read, 3 bits of entropy available)
[    6.211498] random: udevadm: uninitialized urandom read (16 bytes read, 3 bits of entropy available)
[    6.452002] e1000: Intel(R) PRO/1000 Network Driver - version 7.3.21-k8-NAPI
[    6.481573] e1000: Copyright (c) 1999-2006 Intel Corporation.
[    6.487538] Fusion MPT base driver 3.04.20
[    6.494508] Copyright (c) 1999-2008 LSI Corporation
[    6.549434] Fusion MPT SPI Host driver 3.04.20
[    6.576551] AVX version of gcm_enc/dec engaged.
[    6.579880] AES CTR mode by8 optimization enabled
[    6.734962] input: ImExPS/2 Generic Explorer Mouse as /devices/platform/i8042/serio1/input/input4
[    6.915676] e1000 0000:00:03.0 eth0: (PCI:33MHz:32-bit) 02:2b:21:2a:21:0d
[    6.943995] e1000 0000:00:03.0 eth0: Intel(R) PRO/1000 Network Connection
[    6.957041] mptbase: ioc0: Initiating bringup
[    6.958295] e1000 0000:00:03.0 enp0s3: renamed from eth0
[    7.066009] ioc0: LSI53C1030 A0: Capabilities={Initiator}
[    7.260412] scsi host2: ioc0: LSI53C1030 A0, FwRev=00000000h, Ports=1, MaxQ=256, IRQ=20
[    7.402970] scsi 2:0:0:0: Direct-Access     VBOX     HARDDISK         1.0  PQ: 0 ANSI: 5
[    7.433245] scsi target2:0:0: Beginning Domain Validation
[    7.474502] scsi target2:0:0: Domain Validation skipping write tests
[    7.551497] scsi target2:0:0: Ending Domain Validation
[    7.603917] scsi target2:0:0: asynchronous
[    7.634555] scsi 2:0:1:0: Direct-Access     VBOX     HARDDISK         1.0  PQ: 0 ANSI: 5
[    7.663386] scsi target2:0:1: Beginning Domain Validation
[    7.728003] scsi target2:0:1: Domain Validation skipping write tests
[    7.813321] scsi target2:0:1: Ending Domain Validation
[    7.867301] scsi target2:0:1: asynchronous
[    7.895544] sd 2:0:0:0: [sda] 20971520 512-byte logical blocks: (10.7 GB/10.0 GiB)
[    7.895774] sd 2:0:0:0: Attached scsi generic sg0 type 0
[    7.896481] sd 2:0:1:0: Attached scsi generic sg1 type 0
[    7.896857] sd 2:0:1:0: [sdb] 20480 512-byte logical blocks: (10.5 MB/10.0 MiB)
[    7.897077] sd 2:0:1:0: [sdb] Write Protect is off
[    7.897164] sd 2:0:1:0: [sdb] Incomplete mode parameter data
[    7.897165] sd 2:0:1:0: [sdb] Assuming drive cache: write through
[    7.899006] sd 2:0:1:0: [sdb] Attached SCSI disk
[    8.247729] sd 2:0:0:0: [sda] Write Protect is off
[    8.249885] sd 2:0:0:0: [sda] Incomplete mode parameter data
[    8.258683] sd 2:0:0:0: [sda] Assuming drive cache: write through
[    8.265384]  sda: sda1
[    8.272300] sd 2:0:0:0: [sda] Attached SCSI disk
[    9.521956] floppy0: no floppy controllers found
Begin: Loading e[   10.908627] md: linear personality registered for level -1
ssential drivers[   10.918107] md: multipath personality registered for level -4
 ... [   10.948364] md: raid0 personality registered for level 0
[   10.973646] md: raid1 personality registered for level 1
[   11.098177] raid6: sse2x1   gen()  6351 MB/s
[   11.233714] raid6: sse2x1   xor()  6387 MB/s
[   11.311194] raid6: sse2x2   gen()  8741 MB/s
[   11.416375] raid6: sse2x2   xor()  7492 MB/s
[   11.505669] raid6: sse2x4   gen()  9908 MB/s
[   11.605696] raid6: sse2x4   xor()  6918 MB/s
[   11.634249] raid6: using algorithm sse2x4 gen() 9908 MB/s
[   11.743601] raid6: .... xor() 6918 MB/s, rmw enabled
[   11.794307] raid6: using ssse3x2 recovery algorithm
[   11.823453] xor: automatically using best checksumming function:
[   11.913659]    avx       : 19034.000 MB/sec
[   11.977115] async_tx: api initialized (async)
[   12.028824] md: raid6 personality registered for level 6
[   12.116429] md: raid5 personality registered for level 5
[   12.135223] md: raid4 personality registered for level 4
[   12.143703] md: raid10 personality registered for level 10
done.
Begin: Running /scripts/init-premount ... done.
Begin: Mounting root file sys[   12.211649] Btrfs loaded
tem ... Begin: Running /scripts/local-top ... done.
Begin: Running /scripts/local-premount ... Scanning for Btrfs filesystems
[   12.285410] EXT4-fs (sda1): mounted filesystem with ordered data mode. Opts: (null)
done.
Warning: fsck not present, so skipping root file system
done.
Begin: Running /scripts/local-bottom ... done.
Begin: Running /scripts/init-bottom ... done.
[   12.438165] systemd[1]: systemd 229 running in system mode. (+PAM +AUDIT +SELINUX +IMA +APPARMOR +SMACK +SYSVINIT +UTMP +LIBCRYPTSETUP +GCRYPT +GNUTLS +ACL +XZ -LZ4 +SECCOMP +BLKID +ELFUTILS +KMOD -IDN)
[   12.486433] systemd[1]: Detected virtualization oracle.
[   12.541792] systemd[1]: Detected architecture x86-64.

Welcome to [1mUbuntu 16.04.3 LTS[0m!

[   12.638560] systemd[1]: Set hostname to <ubuntu-xenial>.
[   12.886958] systemd[1]: Listening on Device-mapper event daemon FIFOs.
[[0;32m  OK  [0m] Listening on Device-mapper event daemon FIFOs.
[   12.903635] systemd[1]: Started Trigger resolvconf update for networkd DNS.
[[0;32m  OK  [0m] Started Trigger resolvconf update for networkd DNS.
[   12.935312] systemd[1]: Created slice System Slice.
[[0;32m  OK  [0m] Created slice System Slice.
[   12.956754] systemd[1]: Created slice system-serial\x2dgetty.slice.
[[0;32m  OK  [0m] Created slice system-serial\x2dgetty.slice.
[   12.980939] systemd[1]: Reached target Swap.
[[0;32m  OK  [0m] Reached target Swap.
[   13.022088] systemd[1]: Listening on /dev/initctl Compatibility Named Pipe.
[[0;32m  OK  [0m] Listening on /dev/initctl Compatibility Named Pipe.
[   13.109033] systemd[1]: Created slice User and Session Slice.
[[0;32m  OK  [0m] Created slice User and Session Slice.
[   13.146263] systemd[1]: Reached target Slices.
[[0;32m  OK  [0m] Reached target Slices.
[   13.172697] systemd[1]: Started Forward Password Requests to Wall Directory Watch.
[[0;32m  OK  [0m] Started Forward Password Requests to Wall Directory Watch.
[   13.261886] systemd[1]: Listening on Syslog Socket.
[[0;32m  OK  [0m] Listening on Syslog Socket.
[   13.298555] systemd[1]: Set up automount Arbitrary Executable File Formats File System Automount Point.
[[0;32m  OK  [0m] Set up automount Arbitrary Executab...ats File System Automount Point.
[   13.402132] systemd[1]: Listening on udev Control Socket.
[[0;32m  OK  [0m] Listening on udev Control Socket.
[   13.490611] systemd[1]: Listening on LVM2 poll daemon socket.
[[0;32m  OK  [0m] Listening on LVM2 poll daemon socket.
[   13.550260] systemd[1]: Reached target Encrypted Volumes.
[[0;32m  OK  [0m] Reached target Encrypted Volumes.
[   13.638149] systemd[1]: Listening on udev Kernel Socket.
[[0;32m  OK  [0m] Listening on udev Kernel Socket.
[   13.718435] systemd[1]: Listening on Journal Socket (/dev/log).
[[0;32m  OK  [0m] Listening on Journal Socket (/dev/log).
[   13.778748] systemd[1]: Listening on Journal Socket.
[[0;32m  OK  [0m] Listening on Journal Socket.
[   13.874155] systemd[1]: Starting Create list of required static device nodes for the current kernel...
         Starting Create list of required st... nodes for the current kernel...
[   13.942509] systemd[1]: Starting Load Kernel Modules...
         Startin[   13.953093] Loading iSCSI transport class v2.0-870.
g Load Kernel Mo[   13.965219] random: nonblocking pool is initialized
dules...
[   14.015516] systemd[1]: Mounting Debug File System...
         Mounting Debug File System...
[   14.032980] iscsi: registered transport (tcp)
[   14.070267] systemd[1]: Mounting POSIX Message Queue File System...
         Mounting POSIX Message Queue File System...
[   14.098311] systemd[1]: Starting Uncomplicated firewall...
         Starting Uncomplicated firewall...
[   14.121288] systemd[1]: Mounting Huge Pages File System...
         Mounting Huge Pages File System...
[   14.128030] systemd[1]: Starting Remount Root and Kernel File Systems...
         [   14.159117] EXT4-fs (sda1): re-mounted. Opts: (null)
Starting Remount Root and Kernel[   14.170802] iscsi: registered transport (iser)
 File Systems...
[   14.238331] systemd[1]: Starting Nameserver information manager...
         Starting Nameserver information manager...
[   14.286823] systemd[1]: Starting Set console keymap...
         Starting Set console keymap...
[   14.305983] systemd[1]: Reached target User and Group Name Lookups.
[[0;32m  OK  [0m] Reached target User and Group Name Lookups.
[   14.322806] systemd[1]: Listening on LVM2 metadata daemon socket.
[[0;32m  OK  [0m] Listening on LVM2 metadata daemon socket.
[   14.350648] systemd[1]: Starting Monitoring of LVM2 mirrors, snapshots etc. using dmeventd or progress polling...
         Starting Monitoring of LVM2 mirrors... dmeventd or progress polling...
[   14.477315] systemd[1]: Listening on Journal Audit Socket.
[[0;32m  OK  [0m] Listening on Journal Audit Socket.
[   14.501435] systemd[1]: Mounted POSIX Message Queue File System.
[[0;32m  OK  [0m] Mounted POSIX Message Queue File System.
[   14.537929] systemd[1]: Mounted Debug File System.
[[0;32m  OK  [0m] Mounted Debug File System.
[   14.590213] systemd[1]: Mounted Huge Pages File System.
[[0;32m  OK  [0m] Mounted Huge Pages File System.
[   14.623985] systemd[1]: Started Create list of required static device nodes for the current kernel.
[[0;32m  OK  [0m] Started Create list of required sta...ce nodes for the current kernel.
[   14.679549] systemd[1]: Started Load Kernel Modules.
[[0;32m  OK  [0m] Started Load Kernel Modules.
[   14.734751] systemd[1]: Started Uncomplicated firewall.
[[0;32m  OK  [0m] Started Uncomplicated firewall.
[   14.822739] systemd[1]: Started Remount Root and Kernel File Systems.
[[0;32m  OK  [0m] Started Remount Root and Kernel File Systems.
[   14.918655] systemd[1]: Started Set console keymap.
[[0;32m  OK  [0m] Started Set console keymap.
[   15.012933] systemd[1]: Started Nameserver information manager.
[[0;32m  OK  [0m] Started Nameserver information manager.
[   15.194099] systemd[1]: Started LVM2 metadata daemon.
[[0;32m  OK  [0m] Started LVM2 metadata daemon.
[   15.266078] systemd[1]: Starting Load/Save Random Seed...
         Starting Load/Save Random Seed...
[   15.394215] systemd[1]: Starting Initial cloud-init job (pre-networking)...
         Starting Initial cloud-init job (pre-networking)...
[   15.439499] systemd[1]: Starting udev Coldplug all Devices...
         Starting udev Coldplug all Devices...
[   15.538153] systemd[1]: Starting Apply Kernel Variables...
         Starting Apply Kernel Variables...
         Mounting FUSE Control File System...
         Starting Create Static Device Nodes in /dev...
[[0;32m  OK  [0m] Mounted FUSE Control File System.
[[0;32m  OK  [0m] Started Monitoring of LVM2 mirrors,...ng dmeventd or progress polling.
[[0;32m  OK  [0m] Started Load/Save Random Seed.
[[0;32m  OK  [0m] Started Apply Kernel Variables.
[[0;32m  OK  [0m] Started Create Static Device Nodes in /dev.
[[0;32m  OK  [0m] Started udev Coldplug all Devices.
         Starting udev Kernel Device Manager...
[[0;32m  OK  [0m] Started Entropy daemon using the HAVEGE algorithm.
         Starting Journal Service...
[[0;32m  OK  [0m] Started udev Kernel Device Manager.
[[0;32m  OK  [0m] Started Journal Service.
         Starting Flush Journal to Persistent Storage...
[[0;32m  OK  [0m] Started Dispatch Password Requests to Console Directory Watch.
[[0;32m  OK  [0m] Reached target Local File Systems (Pre).
[[0;32m  OK  [0m] Reached target Local File Systems.
         Starting Tell Plymouth To Write Out Runtime Data...
         Starting Set console font and keymap...
         Starting LSB: AppArmor initialization...
[[0;32m  OK  [0m] Started Tell Plymouth To Write Out Runtime Data.
[[0;32m  OK  [0m] Started Flush Journal to Persistent Storage.
         Starting Create Volatile Files and Directories...
[[0;32m  OK  [0m] Started Create Volatile Files and Directories.
[[0;32m  OK  [0m] Found device /dev/ttyS0.
         Starting Update UTMP about System Boot/Shutdown...
[[0;32m  OK  [0m] Reached target System Time Synchronized.
[[0;32m  OK  [0m] Started LSB: AppArmor initialization.
[[0;32m  OK  [0m] Listening on Load/Save RF Kill Switch Status /dev/rfkill Watch.
[   15.471644] cloud-init[444]: Cloud-init v. 0.7.9 running 'init-local' at Mon, 21 Aug 2017 09:02:18 +0000. Up 14.83 seconds.
[[0;32m  OK  [0m] Started Set console font and keymap.
[[0;32m  OK  [0m] Started Update UTMP about System Boot/Shutdown.
[[0;32m  OK  [0m] Started Initial cloud-init job (pre-networking).
[[0;32m  OK  [0m] Reached target Network (Pre).
         Starting Raise network interfaces...
[[0;32m  OK  [0m] Started ifup for enp0s3.
[[0;32m  OK  [0m] Created slice system-getty.slice.
[[0;32m  OK  [0m] Found device 82540EM Gigabit Ethern...r (PRO/1000 MT Desktop Adapter).
[[0;1;31mFAILED[0m] Failed to start Raise network interfaces.
See 'systemctl status networking.service' for details.
[[0;32m  OK  [0m] Reached target Network.
         Starting Initial cloud-init job (metadata service crawler)...
[   19.587329] cloud-init[985]: Cloud-init v. 0.7.9 running 'init' at Mon, 21 Aug 2017 09:02:22 +0000. Up 18.87 seconds.
[   19.676712] cloud-init[985]: ci-info: +++++++++++++++++++++++++++++++++++++Net device info++++++++++++++++++++++++++++++++++++++
[[0;32m  OK  [0m] Started Initial cloud-init job (metadata service crawler).
[   19.706421] cloud-init[985]: ci-info: +--------+------+----------------------------+---------------+-------+-------------------+
[[0;32m  OK  [0m] Reached target Network is Online.
[   19.745820] cloud-init[985]: ci-info: | Device |  Up  |          Address           |      Mask     | Scope |     Hw-Address    |
[   19.784098]          Starting iSCSI initiator daemon (iscsid)...
[[0;32m  OK  [0m] Reached target Cloud-config availability.
cloud-init[985]: ci-info: +--------+------+----------------------------+---------------+-------+-------------------+
[[0;32m  OK  [0m] Reached target System Initialization.
[   19.803327] cloud-init[985]: ci-info: |   lo   | True |         127.0.0.1          |   255.0.0.0   |   .   |         .         |
[   19.815155] [cloud-init[0;32m  OK  [0m[985]: ] ci-info: |   lo   | True |          ::1/128           |       .       |  host |         .         |Listening on UUID daemon activation socket.

[   19.815905] cloud-init[985]: ci-info: | enp0s3 | True |         10.0.2.15          | 255.255.255.0 |   .   | 02:2b:21:2a:21:0d |
[   19.881326] [cloud-init[0;32m  OK  [0m[985]: ] ci-info: | enp0s3 | True | fe80::2b:21ff:fe2a:210d/64 |       .       |  link | 02:2b:21:2a:21:0d |Started Timer to automatically refresh installed snaps.

[   19.882249] [cloud-init[985]: [0;32m  OK  [0mci-info: +--------+------+----------------------------+---------------+-------+-------------------+] 
Listening on D-Bus System Message Bus Socket.
[   19.924774] cloud-init[985]: ci-info: +++++++++++++++++++++++++++Route IPv4 info++++++++++++++++++++++++++++
[   19.964734] [[0;32m  OK  [0m] Started ACPI Events Check.
cloud-init[985]: ci-info: +-------+-------------+----------+---------------+-----------+-------+
[[0;32m  OK  [0m] Reached target Paths.
[   19.989138] [cloud-init[0;32m  OK  [0m[985]: ci-info: | Route | Destination | Gateway  |    Genmask    | Interface | Flags |
] Started BigBlueButton record & playback processing timer.
[   20.002451] cloud-init[985]: ci-info: +-------+-------------+----------+---------------+-----------+-------+
[   20.070933]          Starting LXD - unix socket.
[[0;32m  OK  [0m] Listening on ACPID Listen Socket.
[[0;32m  OK  [0m] Started Daily apt download activities.
[[0;32m  OK  [0m] Started Daily Cleanup of Temporary Directories.
[[0;32m  OK  [0m] Started Daily apt upgrade and clean activities.
[[0;32m  OK  [0m] Reached target Timers.
         Starting Socket activation for snappy daemon.
cloud-init[985]: ci-info: |   0   |   0.0.0.0   | 10.0.2.2 |    0.0.0.0    |   enp0s3  |   UG  |
[   20.144635] [cloud-init[0;32m  OK  [0m[985]: ] ci-info: |   1   |   10.0.2.0  | 0.0.0.0  | 255.255.255.0 |   enp0s3  |   U   |Listening on LXD - unix socket.

[   20.166882] [cloud-init[0;32m  OK  [0m[985]: ] ci-info: +-------+-------------+----------+---------------+-----------+-------+Listening on Socket activation for snappy daemon.

[[0;32m  OK  [0m] Started iSCSI initiator daemon (iscsid).
[[0;32m  OK  [0m] Created slice BigBlueButton Recording Processing.
         Starting Login to default iSCSI targets...
[[0;32m  OK  [0m] Reached target Sockets.
[[0;32m  OK  [0m] Reached target Basic System.
         Starting A high performance web server and a reverse proxy server...
         Starting LXD - container startup/shutdown...
[[0;32m  OK  [0m] Started Deferred execution scheduler.
         Starting LSB: Record successful boot for GRUB...
[[0;32m  OK  [0m] Started Regular background program processing daemon.
[[0;32m  OK  [0m] Started FUSE filesystem for LXC.
         Starting Advanced key-value store...
[[0;32m  OK  [0m] Started BigBlueButton FS-ESL (Akka).
         Starting OpenBSD Secure Shell server...
[[0;32m  OK  [0m] Started BigBlueButton Apps (Akka).
         Starting Login Service...
[[0;32m  OK  [0m] Started Unattended Upgrades Shutdown.
[[0;32m  OK  [0m] Started ACPI event daemon.
         Starting freeswitch...
         Starting /etc/rc.local Compatibility...
         Starting Accounts Service...
[[0;32m  OK  [0m] Started D-Bus System Message Bus.
         Starting System Logging Service...
[[0;32m  OK  [0m] Reached target BigBlueButton recording & playback processing.
[[0;32m  OK  [0m] Stopped target BigBlueButton recording & playback processing.
         Starting Apply the settings specified in cloud-config...
[[0;32m  OK  [0m] Started Snappy daemon.
         Starting Auto import assertions from block devices...
[[0;32m  OK  [0m] Started LibreOffice.
         Starting LSB: MD monitoring daemon...
[[0;32m  OK  [0m] Started OpenBSD Secure Shell server.
[[0;32m  OK  [0m] Started System Logging Service.
[[0;32m  OK  [0m] Started LXD - container startup/shutdown.
[[0;32m  OK  [0m] Started /etc/rc.local Compatibility.
[[0;32m  OK  [0m] Started Auto import assertions from block devices.
[[0;32m  OK  [0m] Started Login to default iSCSI targets.
[[0;32m  OK  [0m] Started A high performance web server and a reverse proxy server.
[[0;32m  OK  [0m] Started LSB: Record successful boot for GRUB.
[[0;32m  OK  [0m] Started Advanced key-value store.
[[0;32m  OK  [0m] Started Login Service.
[[0;32m  OK  [0m] Started LSB: MD monitoring daemon.
         Starting Authenticate and Authorize Users to Run Privileged Tasks...
[[0;32m  OK  [0m] Reached target Remote File Systems (Pre).
[[0;32m  OK  [0m] Reached target Remote File Systems.
         Starting LSB: Set the CPU Frequency Scaling governor to "ondemand"...
         Starting LSB: daemon to balance interrupts for SMP systems...
         Starting LSB: Start Tomcat....
         Starting Permit User Sessions...
         Starting LSB: automatic crash report generation...
         Starting LSB: VirtualBox Linux Additions...
[[0;32m  OK  [0m] Started Permit User Sessions.
[[0;32m  OK  [0m] Started Authenticate and Authorize Users to Run Privileged Tasks.
[[0;32m  OK  [0m] Started Accounts Service.
         Starting Hold until boot process finishes up...
         Starting Terminate Plymouth Boot Screen...
[[0;32m  OK  [0m] Started LSB: Set the CPU Frequency Scaling governor to "ondemand".
[[0;32m  OK  [0m] Started Hold until boot process finishes up.
[[0;32m  OK  [0m] Started LSB: daemon to balance interrupts for SMP systems.
[[0;32m  OK  [0m] Started Terminate Plymouth Boot Screen.
         Starting Set console scheme...
[[0;32m  OK  [0m] Started Getty on tty1.
[[0;32m  OK  [0m] Started Serial Getty on ttyS0.
[[0;32m  OK  [0m] Reached target Login Prompts.
[[0;32m  OK  [0m] Started LSB: automatic crash report generation.
[[0;32m  OK  [0m] Started Set console scheme.
[[0;32m  OK  [0m] Created slice User Slice of ubuntu.
         Starting User Manager for UID 1000...
[[0;32m  OK  [0m] Started Session 1 of user ubuntu.
[[0;32m  OK  [0m] Started LSB: VirtualBox Linux Additions.
[[0;32m  OK  [0m] Started User Manager for UID 1000.
[[0;32m  OK  [0m] Started freeswitch.
[[0;32m  OK  [0m] Started Red5.
[   24.721812] cloud-init[1185]: Cloud-init v. 0.7.9 running 'modules:config' at Mon, 21 Aug 2017 09:02:27 +0000. Up 24.17 seconds.
[[0;32m  OK  [0m] Started Apply the settings specified in cloud-config.
[[0;32m  OK  [0m] Started LSB: Start Tomcat..

Ubuntu 16.04.3 LTS ubuntu-xenial ttyS0

ubuntu-xenial login: [   31.687190] cloud-init[1594]: Cloud-init v. 0.7.9 running 'modules:final' at Mon, 21 Aug 2017 09:02:34 +0000. Up 30.95 seconds.
[   31.687533] cloud-init[1594]: Cloud-init v. 0.7.9 finished at Mon, 21 Aug 2017 09:02:35 +0000. Datasource DataSourceNoCloud [seed=/dev/sdb][dsmode=net].  Up 31.66 seconds
         Stopping User Manager for UID 1000...
[[0;32m          Stopping LSB: automatic crash report generation...
         Stopping LSB: VirtualBox Linux Additions...
         Stopping LibreOffice...
         Stopping Regular background program processing daemon...
[[0;32m  OK  [0m] Closed Load/Save RF Kill Switch Status /dev/rfkill Watch.
[[0;32m  OK  [0m] Stopped Apply the settings specified in cloud-config.
[[0;32m  OK  [0m] Stopped target Cloud-config availability.
         Stopping Session 3 of user ubuntu.
[[0;32m  OK  [0m] Stopped target System Time Synchronized.
         Stopping ACPI event daemon...
[[0;32m  OK  [0m] Stopped BigBlueButton record & playback processing timer.
         Stopping BigBlueButton FS-ESL (Akka)...
         Stopping Advanced key-value store...
         Stopping LSB: Start Tomcat....
         Stopping D-Bus System Message Bus...
         Stopping Snappy daemon...
         Stopping LSB: Record successful boot for GRUB...
         Stopping Unattended Upgrades Shutdown...
[[0;32m  OK  [0m] Removed slice BigBlueButton Recording Processing.
         Stopping LSB: Set the CPU Frequency Scaling governor to "ondemand"...
[[0;32m  OK  [0m] Unmounted /var/lib/lxcfs.
[[0;32m  OK  [0m] Stopped Deferred execution scheduler.
[[0;32m  OK  [0m] Stopped Regular background program processing daemon.
[[0;32m  OK  [0m] Stopped BigBlueButton FS-ESL (Akka).
[[0;32m  OK  [0m] Stopped OpenBSD Secure Shell server.
[[0;32m  OK  [0m] Stopped BigBlueButton Apps (Akka).
[[0;32m  OK  [0m] Stopped ACPI event daemon.
[[0;32m  OK  [0m] Stopped Accounts Service.
[[0;32m  OK  [0m] Stopped System Logging Service.
[[0;32m  OK  [0m] Stopped Snappy daemon.
[[0;32m  OK  [0m] Stopped LibreOffice.
[[0;32m  OK  [0m] Stopped Authenticate and Authorize Users to Run Privileged Tasks.
[[0;32m  OK  [0m] Stopped Getty on tty1.
[[0;32m  OK  [0m] Stopped Serial Getty on ttyS0.
[[0;32m  OK  [0m] Stopped User Manager for UID 1000.
[[0;32m  OK  [0m] Stopped A high performance web server and a reverse proxy server.
[[0;32m  OK  [0m] Stopped Session 3 of user ubuntu.
[[0;32m  OK  [0m] Stopped D-Bus System Message Bus.
[[0;32m  OK  [0m] Stopped Unattended Upgrades Shutdown.
[[0;32m  OK  [0m] Stopped FUSE filesystem for LXC.
[[0;32m  OK  [0m] Stopped LXD - container startup/shutdown.
[[0;32m  OK  [0m] Stopped LSB: MD monitoring daemon.
[[0;32m  OK  [0m] Stopped Advanced key-value store.
[[0;32m  OK  [0m] Stopped LSB: automatic crash report generation.
[[0;32m  OK  [0m] Stopped Red5.
[[0;32m  OK  [0m] Stopped LSB: daemon to balance interrupts for SMP systems.
[[0;32m  OK  [0m] Stopped LSB: VirtualBox Linux Additions.
[[0;32m  OK  [0m] Stopped LSB: Record successful boot for GRUB.
[[0;32m  OK  [0m] Stopped LSB: Set the CPU Frequency Scaling governor to "ondemand".
         Stopping freeswitch...
[[0;32m  OK  [0m] Removed slice User Slice of ubuntu.
         Stopping Login Service...
[[0;32m  OK  [0m] Removed slice system-serial\x2dgetty.slice.
[[0;32m  OK  [0m] Removed slice system-getty.slice.
[[0;32m  OK  [0m] Stopped /etc/rc.local Compatibility.
         Stopping Permit User Sessions...
[[0;32m  OK  [0m] Stopped Permit User Sessions.
[[0;32m  OK  [0m] Stopped Login Service.
[[0;32m  OK  [0m] Stopped LSB: Start Tomcat..
[[0;32m  OK  [0m] Stopped target User and Group Name Lookups.
[[0;32m  OK  [0m] Stopped target Remote File Systems.
[[0;32m  OK  [0m] Stopped target Remote File Systems (Pre).
         Stopping Login to default iSCSI targets...
[[0;32m  OK  [0m] Stopped Login to default iSCSI targets.
         Stopping iSCSI initiator daemon (iscsid)...
[[0;32m  OK  [0m] Stopped iSCSI initiator daemon (iscsid).
[[0;32m  OK  [0m] Stopped target Network is Online.
[[0;32m  OK  [0m] Stopped freeswitch.
[[0;32m  OK  [0m] Stopped target Basic System.
[[0;32m  OK  [0m] Stopped target Sockets.
[[0;32m  OK  [0m] Closed UUID daemon activation socket.
[[0;32m  OK  [0m] Closed Socket activation for snappy daemon.
[[0;32m  OK  [0m] Closed Syslog Socket.
[[0;32m  OK  [0m] Closed ACPID Listen Socket.
[[0;32m  OK  [0m] Closed LXD - unix socket.
[[0;32m  OK  [0m] Closed D-Bus System Message Bus Socket.
[[0;32m  OK  [0m] Stopped target Paths.
[[0;32m  OK  [0m] Stopped Forward Password Requests to Wall Directory Watch.
[[0;32m  OK  [0m] Stopped ACPI Events Check.
[[0;32m  OK  [0m] Stopped Dispatch Password Requests to Console Directory Watch.
[[0;32m  OK  [0m] Stopped target Slices.
[[0;32m  OK  [0m] Removed slice User and Session Slice.
[[0;32m  OK  [0m] Stopped target System Initialization.
[[0;32m  OK  [0m] Stopped target Swap.
         Stopping Load/Save Random Seed...
[[0;32m  OK  [0m] Stopped Apply Kernel Variables.
         Stopping Update UTMP about System Boot/Shutdown...
[[0;32m  OK  [0m] Stopped Load Kernel Modules.
[[0;32m  OK  [0m] Stopped Initial cloud-init job (metadata service crawler).
[[0;32m  OK  [0m] Stopped target Encrypted Volumes.
[[0;32m  OK  [0m] Stopped target Network.
[[0;32m  OK  [0m] Stopped target Network (Pre).
[[0;32m  OK  [0m] Stopped Initial cloud-init job (pre-networking).
[[0;32m  OK  [0m] Stopped Load/Save Random Seed.
[[0;32m  OK  [0m] Stopped Update UTMP about System Boot/Shutdown.
[[0;32m  OK  [0m] Stopped Create Volatile Files and Directories.
[[0;32m  OK  [0m] Stopped target Local File Systems.
         Unmounting /run/user/1000...
         Unmounting /vagrant...
[[0;32m  OK  [0m] Unmounted /run/user/1000.
[[0;32m  OK  [0m] Unmounted /vagrant.
[[0;32m  OK  [0m] Reached target Unmount All Filesystems.
[[0;32m  OK  [0m] Stopped target Local File Systems (Pre).
[[0;32m  OK  [0m] Stopped Remount Root and Kernel File Systems.
[[0;32m  OK  [0m] Stopped Create Static Device Nodes in /dev.
[[0;32m  OK  [0m] Reached target Shutdown.
[  573.468497] reboot: Power down
